{"numTotalTestSuites":4,"numPassedTestSuites":4,"numFailedTestSuites":0,"numPendingTestSuites":0,"numTotalTests":3,"numPassedTests":3,"numFailedTests":0,"numPendingTests":0,"numTodoTests":0,"snapshot":{"added":0,"failure":false,"filesAdded":0,"filesRemoved":0,"filesRemovedList":[],"filesUnmatched":0,"filesUpdated":0,"matched":0,"total":0,"unchecked":0,"uncheckedKeysByFile":[],"unmatched":0,"updated":0,"didUpdate":false},"startTime":1768857995707,"success":true,"testResults":[{"assertionResults":[{"ancestorTitles":["MAESTRO: Fortress Baseline","Crypto Provider"],"fullName":"MAESTRO: Fortress Baseline Crypto Provider should encrypt and decrypt data correctly","status":"passed","title":"should encrypt and decrypt data correctly","duration":5.44539999999995,"failureMessages":[],"meta":{}},{"ancestorTitles":["MAESTRO: Fortress Baseline","Maestro Client"],"fullName":"MAESTRO: Fortress Baseline Maestro Client should respect MAESTRO_ENABLED flag","status":"passed","title":"should respect MAESTRO_ENABLED flag","duration":1.040300000000002,"failureMessages":[],"meta":{}},{"ancestorTitles":["MAESTRO: Fortress Baseline","Maestro Client"],"fullName":"MAESTRO: Fortress Baseline Maestro Client should initialize when enabled","status":"passed","title":"should initialize when enabled","duration":0.879099999999994,"failureMessages":[],"meta":{}}],"startTime":1768857997122,"endTime":1768857997129.8792,"status":"passed","message":"","name":"C:/Users/sinyo/OMNILINK-APEX HUB/APEX-OmniLink/APEX-OmniHub/APEX-OmniHub/tests/unit/maestro.test.ts"}]}